-encoding
UTF-8
-outxml
-source
1.6
-target
1.6
-classpath
C:\Users\MIL\.m2\repository\antlr\antlr\2.7.6\antlr-2.7.6.jar;C:\Users\MIL\.m2\repository\aopalliance\aopalliance\1.0\aopalliance-1.0.jar;C:\Users\MIL\.m2\repository\cglib\cglib-nodep\2.2.2\cglib-nodep-2.2.2.jar;C:\Program Files\Java\jdk1.6.0_21\jre\..\lib\tools.jar;C:\Users\MIL\.m2\repository\com\sun\xml\bind\jaxb-impl\2.2.1\jaxb-impl-2.2.1.jar;C:\Users\MIL\.m2\repository\commons-codec\commons-codec\1.6\commons-codec-1.6.jar;C:\Users\MIL\.m2\repository\commons-collections\commons-collections\3.2.1\commons-collections-3.2.1.jar;C:\Users\MIL\.m2\repository\commons-dbcp\commons-dbcp\1.3\commons-dbcp-1.3.jar;C:\Users\MIL\.m2\repository\commons-io\commons-io\2.1\commons-io-2.1.jar;C:\Users\MIL\.m2\repository\commons-logging\commons-logging-api\1.1\commons-logging-api-1.1.jar;C:\Users\MIL\.m2\repository\commons-pool\commons-pool\1.5.6\commons-pool-1.5.6.jar;C:\Users\MIL\.m2\repository\dom4j\dom4j\1.6.1\dom4j-1.6.1.jar;C:\Users\MIL\.m2\repository\javassist\javassist\3.12.0.GA\javassist-3.12.0.GA.jar;C:\Users\MIL\.m2\repository\javax\activation\activation\1.1\activation-1.1.jar;C:\Users\MIL\.m2\repository\javax\servlet\servlet-api\2.5\servlet-api-2.5.jar;C:\Users\MIL\.m2\repository\javax\transaction\jta\1.1\jta-1.1.jar;C:\Users\MIL\.m2\repository\javax\validation\validation-api\1.0.0.GA\validation-api-1.0.0.GA.jar;C:\Users\MIL\.m2\repository\javax\xml\bind\jaxb-api\2.2.1\jaxb-api-2.2.1.jar;C:\Users\MIL\.m2\repository\javax\xml\stream\stax-api\1.0-2\stax-api-1.0-2.jar;C:\Users\MIL\.m2\repository\junit\junit\4.10\junit-4.10.jar;C:\Users\MIL\.m2\repository\log4j\log4j\1.2.16\log4j-1.2.16.jar;C:\Users\MIL\.m2\repository\net\sf\flexjson\flexjson\2.1\flexjson-2.1.jar;C:\Users\MIL\.m2\repository\org\apache\camel\camel-core\2.5.0\camel-core-2.5.0.jar;C:\Users\MIL\.m2\repository\org\apache\camel\camel-quartz\2.5.0\camel-quartz-2.5.0.jar;C:\Users\MIL\.m2\repository\org\apache\camel\camel-spring\2.5.0\camel-spring-2.5.0.jar;C:\Users\MIL\.m2\repository\org\apache\commons\commons-lang3\3.1\commons-lang3-3.1.jar;C:\Users\MIL\.m2\repository\org\aspectj\aspectjrt\1.7.0.RC1\aspectjrt-1.7.0.RC1.jar;C:\Users\MIL\.m2\repository\org\aspectj\aspectjweaver\1.7.0.RC1\aspectjweaver-1.7.0.RC1.jar;C:\Users\MIL\.m2\repository\org\fusesource\commonman\commons-management\1.0\commons-management-1.0.jar;C:\Users\MIL\.m2\repository\org\hibernate\hibernate-commons-annotations\3.2.0.Final\hibernate-commons-annotations-3.2.0.Final.jar;C:\Users\MIL\.m2\repository\org\hibernate\hibernate-core\3.6.9.Final\hibernate-core-3.6.9.Final.jar;C:\Users\MIL\.m2\repository\org\hibernate\hibernate-entitymanager\3.6.9.Final\hibernate-entitymanager-3.6.9.Final.jar;C:\Users\MIL\.m2\repository\org\hibernate\hibernate-validator\4.2.0.Final\hibernate-validator-4.2.0.Final.jar;C:\Users\MIL\.m2\repository\org\hibernate\javax\persistence\hibernate-jpa-2.0-api\1.0.1.Final\hibernate-jpa-2.0-api-1.0.1.Final.jar;C:\Users\MIL\.m2\repository\org\quartz-scheduler\quartz\1.8.3\quartz-1.8.3.jar;C:\Users\MIL\.m2\repository\org\slf4j\jcl-over-slf4j\1.6.4\jcl-over-slf4j-1.6.4.jar;C:\Users\MIL\.m2\repository\org\slf4j\slf4j-api\1.6.4\slf4j-api-1.6.4.jar;C:\Users\MIL\.m2\repository\org\slf4j\slf4j-log4j12\1.6.4\slf4j-log4j12-1.6.4.jar;C:\Users\MIL\.m2\repository\org\springframework\spring-aop\3.1.1.RELEASE\spring-aop-3.1.1.RELEASE.jar;C:\Users\MIL\.m2\repository\org\springframework\spring-asm\3.1.1.RELEASE\spring-asm-3.1.1.RELEASE.jar;C:\Users\MIL\.m2\repository\org\springframework\spring-aspects\3.1.1.RELEASE\spring-aspects-3.1.1.RELEASE.jar;C:\Users\MIL\.m2\repository\org\springframework\spring-beans\3.1.1.RELEASE\spring-beans-3.1.1.RELEASE.jar;C:\Users\MIL\.m2\repository\org\springframework\spring-context\3.1.1.RELEASE\spring-context-3.1.1.RELEASE.jar;C:\Users\MIL\.m2\repository\org\springframework\spring-context-support\3.1.1.RELEASE\spring-context-support-3.1.1.RELEASE.jar;C:\Users\MIL\.m2\repository\org\springframework\spring-core\3.1.1.RELEASE\spring-core-3.1.1.RELEASE.jar;C:\Users\MIL\.m2\repository\org\springframework\spring-expression\3.1.1.RELEASE\spring-expression-3.1.1.RELEASE.jar;C:\Users\MIL\.m2\repository\org\springframework\spring-jdbc\3.1.1.RELEASE\spring-jdbc-3.1.1.RELEASE.jar;C:\Users\MIL\.m2\repository\org\springframework\spring-orm\3.1.1.RELEASE\spring-orm-3.1.1.RELEASE.jar;C:\Users\MIL\.m2\repository\org\springframework\spring-test\3.1.1.RELEASE\spring-test-3.1.1.RELEASE.jar;C:\Users\MIL\.m2\repository\org\springframework\spring-tx\3.1.1.RELEASE\spring-tx-3.1.1.RELEASE.jar;C:\Users\MIL\.m2\repository\org\springframework\roo\org.springframework.roo.annotations\1.2.2.RELEASE\org.springframework.roo.annotations-1.2.2.RELEASE.jar;C:\Users\MIL\.m2\repository\postgresql\postgresql\9.1-901.jdbc3\postgresql-9.1-901.jdbc3.jar;C:\Users\MIL\roo\clerk\target\classes
-aspectpath
C:\Users\MIL\.m2\repository\org\springframework\spring-aspects\3.1.1.RELEASE\spring-aspects-3.1.1.RELEASE.jar
-d
C:\Users\MIL\roo\clerk\target\classes
C:\Users\MIL\roo\clerk\src\main\java\org\clerk\domain\DataRow_Roo_ToString.aj
C:\Users\MIL\roo\clerk\src\main\java\org\clerk\camel\routes\FilePollingConsumer.java
C:\Users\MIL\roo\clerk\src\main\java\org\clerk\domain\DataRow.java
C:\Users\MIL\roo\clerk\src\main\java\org\clerk\camel\routes\TimedBatchRoute.java
C:\Users\MIL\roo\clerk\src\main\java\org\clerk\domain\DataRow_Roo_Configurable.aj
C:\Users\MIL\roo\clerk\src\main\java\org\clerk\domain\DataRow_Roo_Jpa_Entity.aj
C:\Users\MIL\roo\clerk\src\main\java\org\clerk\domain\DataRow_Roo_Jpa_ActiveRecord.aj
C:\Users\MIL\roo\clerk\src\main\java\org\clerk\camel\routes\SimpleQuartzJob.java
C:\Users\MIL\roo\clerk\src\main\java\org\clerk\camel\routes\FailureResponseProcessor.java
C:\Users\MIL\roo\clerk\src\main\java\org\clerk\camel\routes\FileProcessor.java
